INFO: Found elm at /Users/pivotal/workspace/concourse/node_modules/.bin/elm
INFO: Found elm 0.19.0
INFO: Found elm-format at /Users/pivotal/workspace/concourse/node_modules/.bin/elm-format
INFO: Found elm-format 0.8.1
INFO: Cleaning ./elm-stuff before upgrading
INFO: Converting elm-package.json -> elm.json
INFO: Detected an application project (this project has no exposed modules)
WARNING: Bogdanp/elm-querystring has not been upgraded to 0.19 yet!
INFO: Installing latest version of NoRedInk/elm-simple-fuzzy
INFO: Installing latest version of arturopala/elm-monocle
INFO: Installing latest version of elm-community/graph
INFO: Installing latest version of elm-community/intdict
INFO: Installing latest version of elm-community/json-extra
INFO: Installing latest version of elm-community/list-extra
INFO: Installing latest version of elm-community/maybe-extra
INFO: Switching from elm-lang/animation-frame (deprecated) to elm/browser
INFO: Installing latest version of elm/browser
INFO: Switching from elm-lang/core (deprecated) to elm/core
INFO: Installing latest version of elm/core
INFO: Detected use of elm-lang/core#Json.Decode; installing elm/json
INFO: Detected use of elm-lang/core#Time; installing elm/time
INFO: Detected use of elm-lang/core#Regex; installing elm/regex
INFO: Switching from elm-lang/dom (deprecated) to elm/browser
INFO: Installing latest version of elm/browser
INFO: Switching from elm-lang/html (deprecated) to elm/html
INFO: Installing latest version of elm/html
INFO: Switching from elm-lang/http (deprecated) to elm/http
INFO: Installing latest version of elm/http
INFO: Switching from elm-lang/keyboard (deprecated) to elm/browser
INFO: Installing latest version of elm/browser
INFO: Switching from elm-lang/mouse (deprecated) to elm/browser
INFO: Installing latest version of elm/browser
INFO: Switching from elm-lang/navigation (deprecated) to elm/browser
INFO: Installing latest version of elm/browser
INFO: Switching from elm-lang/navigation (deprecated) to elm/url
INFO: Installing latest version of elm/url
INFO: Switching from elm-lang/svg (deprecated) to elm/svg
INFO: Installing latest version of elm/svg
INFO: Switching from elm-lang/window (deprecated) to elm/browser
INFO: Installing latest version of elm/browser
INFO: Switching from evancz/url-parser (deprecated) to elm/url
INFO: Installing latest version of elm/url
INFO: Installing latest version of fapian/elm-html-aria
INFO: Installing latest version of krisajenkins/remotedata
INFO: Installing latest version of lukewestby/elm-http-builder
INFO: Installing latest version of matthewsj/elm-ordering
WARNING: mgold/elm-date-format has not been upgraded to 0.19 yet!
INFO: Installing latest version of rtfeldman/elm-css
INFO: Installing latest version of truqu/elm-base64
INFO: Installing latest version of vito/elm-ansi
INFO: Upgrading *.elm files in src/


SUCCESS! Your project's dependencies and code have been upgraded.
However, your project may not yet compile due to API changes in your
dependencies.

See <https://github.com/elm/compiler/blob/master/upgrade-docs/0.19.md>
and the documentation for your dependencies for more information.

WARNING! 2 of your dependencies have not yet been upgraded to
support Elm 0.19.
  - https://github.com/Bogdanp/elm-querystring
  - https://github.com/mgold/elm-date-format

Here are some common upgrade steps that you will need to do manually:

- elm/browser
  - [ ] Change code using AnimationFrame.* to use Browser.Events.onAnimationFrame*
  - [ ] Change code using Navigation.program* to use Browser.application
  - [ ] Use the Browser.Key passed to your init function in any calls to Browser.Navigation.pushUrl/replaceUrl/back/forward
  - [ ] Change code using Window.* to use Browser.Events.onResize
- elm/core
  - [ ] Replace uses of toString with String.fromInt, String.fromFloat, or Debug.toString as appropriate
- undefined
  - [ ] Read the new documentation here: https://package.elm-lang.org/packages/elm/time/latest/
  - [ ] Replace uses of Date and Time with Time.Posix
- elm/html
  - [ ] If you used Html.program*, install elm/browser and switch to Browser.element or Browser.document
  - [ ] If you used Html.beginnerProgram, install elm/browser and switch Browser.sandbox
- elm/url
  - [ ] Changes uses of Navigation.Location to Url.Url
  - [ ] Change code using UrlParser.* to use Url.Parser.*

